<?xml version="1.0" encoding="UTF-8"?>
<!-- Generated by org.testng.reporters.JUnitReportReporter -->
<testsuite hostname="DESKTOP-VNGG6D2" failures="0" tests="1" name="Data_Driven.Excel_With_DataProvider" time="13.366" errors="0" timestamp="2024-03-09T12:57:52 IST" skipped="0">
  <testcase classname="Data_Driven.Excel_With_DataProvider" name="register" time="13.366"/>
</testsuite> <!-- Data_Driven.Excel_With_DataProvider -->
