<?xml version="1.0" encoding="UTF-8"?>
<!-- Generated by org.testng.reporters.JUnitReportReporter -->
<testsuite hostname="DESKTOP-VNGG6D2" failures="0" tests="1" name="Data_Driven.Main_App_For_Utility" time="15.749" errors="0" timestamp="2024-03-06T21:37:17 IST" skipped="0">
  <testcase classname="Data_Driven.Main_App_For_Utility" name="login" time="15.749"/>
</testsuite> <!-- Data_Driven.Main_App_For_Utility -->
