<?xml version="1.0" encoding="UTF-8"?>
<!-- Generated by org.testng.reporters.JUnitReportReporter -->
<testsuite hostname="DESKTOP-VNGG6D2" failures="0" tests="1" name="com.TestNG.TestNG_Script" time="0.014" errors="0" timestamp="2024-02-15T13:48:40 IST" skipped="0">
  <testcase classname="com.TestNG.TestNG_Script" name="test01" time="0.014">
    <system-out>
      <![CDATA[Test01 is Pass]]>
    </system-out>
  </testcase> <!-- test01 -->
  <system-out>
    <![CDATA[Test01 is Pass]]>
  </system-out>
</testsuite> <!-- com.TestNG.TestNG_Script -->
