<?xml version="1.0" encoding="UTF-8"?>
<!-- Generated by org.testng.reporters.JUnitReportReporter -->
<testsuite hostname="DESKTOP-VNGG6D2" failures="0" tests="2" name="com.TestNG.Data_Provider" time="0.013" errors="0" timestamp="2024-02-20T18:19:51 IST" skipped="0">
  <testcase classname="com.TestNG.Data_Provider" name="singUp" time="0.010">
    <system-out>
      <![CDATA[Admin1
Manager1]]>
    </system-out>
  </testcase> <!-- singUp -->
  <testcase classname="com.TestNG.Data_Provider" name="singUp" time="0.003">
    <system-out>
      <![CDATA[Admin2
Manager2]]>
    </system-out>
  </testcase> <!-- singUp -->
  <system-out>
    <![CDATA[Admin1
Manager1
Admin2
Manager2]]>
  </system-out>
</testsuite> <!-- com.TestNG.Data_Provider -->
