<?xml version="1.0" encoding="UTF-8"?>
<!-- Generated by org.testng.reporters.JUnitReportReporter -->
<testsuite hostname="DESKTOP-VNGG6D2" failures="0" tests="3" name="TestExcution.Login_Script" time="5.044" errors="0" timestamp="2024-02-23T21:08:17 IST" skipped="0">
  <testcase classname="TestExcution.Login_Script" name="fbLogin" time="1.460"/>
  <testcase classname="TestExcution.Login_Script" name="fbLogin" time="1.217"/>
  <testcase classname="TestExcution.Login_Script" name="fbLogin" time="2.367"/>
  <system-out>
    <![CDATA[fbLoginExcution is pass
fbLoginExcution is pass
fbLoginExcution is pass]]>
  </system-out>
</testsuite> <!-- TestExcution.Login_Script -->
